{"/Users/rochaa/ws/cep2/frontera-portal/client/src/components/Allocations/AllocationsCells.js": {"path":"/Users/rochaa/ws/cep2/frontera-portal/client/src/components/Allocations/AllocationsCells.js","statementMap":{"0":{"start":{"line":6,"column":23},"end":{"line":10,"column":1}},"1":{"start":{"line":12,"column":20},"end":{"line":27,"column":1}},"2":{"start":{"line":13,"column":36},"end":{"line":13,"column":51}},"3":{"start":{"line":14,"column":2},"end":{"line":26,"column":4}},"4":{"start":{"line":19,"column":23},"end":{"line":19,"column":41}},"5":{"start":{"line":24,"column":49},"end":{"line":24,"column":73}},"6":{"start":{"line":29,"column":23},"end":{"line":37,"column":1}},"7":{"start":{"line":30,"column":2},"end":{"line":36,"column":8}},"8":{"start":{"line":32,"column":6},"end":{"line":34,"column":12}},"9":{"start":{"line":38,"column":0},"end":{"line":38,"column":35}},"10":{"start":{"line":40,"column":23},"end":{"line":48,"column":1}},"11":{"start":{"line":41,"column":2},"end":{"line":47,"column":8}},"12":{"start":{"line":43,"column":6},"end":{"line":45,"column":12}},"13":{"start":{"line":49,"column":0},"end":{"line":49,"column":35}},"14":{"start":{"line":51,"column":25},"end":{"line":72,"column":1}},"15":{"start":{"line":52,"column":19},"end":{"line":58,"column":3}},"16":{"start":{"line":53,"column":4},"end":{"line":56,"column":5}},"17":{"start":{"line":54,"column":6},"end":{"line":54,"column":39}},"18":{"start":{"line":54,"column":22},"end":{"line":54,"column":39}},"19":{"start":{"line":55,"column":6},"end":{"line":55,"column":23}},"20":{"start":{"line":57,"column":4},"end":{"line":57,"column":20}},"21":{"start":{"line":59,"column":2},"end":{"line":71,"column":4}},"22":{"start":{"line":62,"column":8},"end":{"line":68,"column":14}},"23":{"start":{"line":73,"column":0},"end":{"line":73,"column":37}},"24":{"start":{"line":75,"column":23},"end":{"line":83,"column":1}},"25":{"start":{"line":76,"column":2},"end":{"line":82,"column":8}},"26":{"start":{"line":78,"column":6},"end":{"line":80,"column":12}},"27":{"start":{"line":84,"column":0},"end":{"line":88,"column":2}}},"fnMap":{"0":{"name":"(anonymous_0)","decl":{"start":{"line":12,"column":20},"end":{"line":12,"column":21}},"loc":{"start":{"line":12,"column":26},"end":{"line":27,"column":1}},"line":12},"1":{"name":"(anonymous_1)","decl":{"start":{"line":19,"column":17},"end":{"line":19,"column":18}},"loc":{"start":{"line":19,"column":23},"end":{"line":19,"column":41}},"line":19},"2":{"name":"(anonymous_2)","decl":{"start":{"line":24,"column":43},"end":{"line":24,"column":44}},"loc":{"start":{"line":24,"column":49},"end":{"line":24,"column":73}},"line":24},"3":{"name":"(anonymous_3)","decl":{"start":{"line":29,"column":23},"end":{"line":29,"column":24}},"loc":{"start":{"line":30,"column":2},"end":{"line":36,"column":8}},"line":30},"4":{"name":"(anonymous_4)","decl":{"start":{"line":31,"column":20},"end":{"line":31,"column":21}},"loc":{"start":{"line":32,"column":6},"end":{"line":34,"column":12}},"line":32},"5":{"name":"(anonymous_5)","decl":{"start":{"line":40,"column":23},"end":{"line":40,"column":24}},"loc":{"start":{"line":41,"column":2},"end":{"line":47,"column":8}},"line":41},"6":{"name":"(anonymous_6)","decl":{"start":{"line":42,"column":20},"end":{"line":42,"column":21}},"loc":{"start":{"line":43,"column":6},"end":{"line":45,"column":12}},"line":43},"7":{"name":"(anonymous_7)","decl":{"start":{"line":51,"column":25},"end":{"line":51,"column":26}},"loc":{"start":{"line":51,"column":39},"end":{"line":72,"column":1}},"line":51},"8":{"name":"(anonymous_8)","decl":{"start":{"line":52,"column":19},"end":{"line":52,"column":20}},"loc":{"start":{"line":52,"column":26},"end":{"line":58,"column":3}},"line":52},"9":{"name":"(anonymous_9)","decl":{"start":{"line":61,"column":22},"end":{"line":61,"column":23}},"loc":{"start":{"line":62,"column":8},"end":{"line":68,"column":14}},"line":62},"10":{"name":"(anonymous_10)","decl":{"start":{"line":75,"column":23},"end":{"line":75,"column":24}},"loc":{"start":{"line":76,"column":2},"end":{"line":82,"column":8}},"line":76},"11":{"name":"(anonymous_11)","decl":{"start":{"line":77,"column":24},"end":{"line":77,"column":25}},"loc":{"start":{"line":78,"column":6},"end":{"line":80,"column":12}},"line":78}},"branchMap":{"0":{"loc":{"start":{"line":44,"column":19},"end":{"line":44,"column":47}},"type":"cond-expr","locations":[{"start":{"line":44,"column":36},"end":{"line":44,"column":40}},{"start":{"line":44,"column":43},"end":{"line":44,"column":47}}],"line":44},"1":{"loc":{"start":{"line":53,"column":4},"end":{"line":56,"column":5}},"type":"if","locations":[{"start":{"line":53,"column":4},"end":{"line":56,"column":5}},{"start":{"line":53,"column":4},"end":{"line":56,"column":5}}],"line":53},"2":{"loc":{"start":{"line":54,"column":6},"end":{"line":54,"column":39}},"type":"if","locations":[{"start":{"line":54,"column":6},"end":{"line":54,"column":39}},{"start":{"line":54,"column":6},"end":{"line":54,"column":39}}],"line":54},"3":{"loc":{"start":{"line":65,"column":27},"end":{"line":65,"column":55}},"type":"cond-expr","locations":[{"start":{"line":65,"column":44},"end":{"line":65,"column":48}},{"start":{"line":65,"column":51},"end":{"line":65,"column":55}}],"line":65}},"s":{"0":1,"1":1,"2":0,"3":0,"4":0,"5":0,"6":1,"7":0,"8":0,"9":1,"10":1,"11":0,"12":0,"13":1,"14":1,"15":0,"16":0,"17":0,"18":0,"19":0,"20":0,"21":0,"22":0,"23":1,"24":1,"25":0,"26":0,"27":1},"f":{"0":0,"1":0,"2":0,"3":0,"4":0,"5":0,"6":0,"7":0,"8":0,"9":0,"10":0,"11":0},"b":{"0":[0,0],"1":[0,0],"2":[0,0],"3":[0,0]},"_coverageSchema":"43e27e138ebf9cfc5966b082cf9a028302ed4184","hash":"ddc8ecf13df4d964dfdd1074e03790dc7aa095a2"}
,"/Users/rochaa/ws/cep2/frontera-portal/client/src/components/Allocations/AllocationsLayout.js": {"path":"/Users/rochaa/ws/cep2/frontera-portal/client/src/components/Allocations/AllocationsLayout.js","statementMap":{"0":{"start":{"line":16,"column":22},"end":{"line":40,"column":1}},"1":{"start":{"line":17,"column":36},"end":{"line":17,"column":57}},"2":{"start":{"line":18,"column":2},"end":{"line":39,"column":4}},"3":{"start":{"line":31,"column":29},"end":{"line":31,"column":47}},"4":{"start":{"line":35,"column":24},"end":{"line":35,"column":48}},"5":{"start":{"line":41,"column":0},"end":{"line":43,"column":2}},"6":{"start":{"line":44,"column":0},"end":{"line":46,"column":2}},"7":{"start":{"line":48,"column":23},"end":{"line":81,"column":1}},"8":{"start":{"line":49,"column":2},"end":{"line":80,"column":8}},"9":{"start":{"line":83,"column":23},"end":{"line":87,"column":1}},"10":{"start":{"line":84,"column":2},"end":{"line":86,"column":8}},"11":{"start":{"line":88,"column":23},"end":{"line":88,"column":49}},"12":{"start":{"line":88,"column":29},"end":{"line":88,"column":49}},"13":{"start":{"line":90,"column":30},"end":{"line":116,"column":1}},"14":{"start":{"line":91,"column":18},"end":{"line":91,"column":53}},"15":{"start":{"line":91,"column":39},"end":{"line":91,"column":52}},"16":{"start":{"line":92,"column":22},"end":{"line":92,"column":61}},"17":{"start":{"line":92,"column":43},"end":{"line":92,"column":60}},"18":{"start":{"line":93,"column":20},"end":{"line":102,"column":3}},"19":{"start":{"line":94,"column":4},"end":{"line":101,"column":5}},"20":{"start":{"line":96,"column":8},"end":{"line":96,"column":64}},"21":{"start":{"line":98,"column":8},"end":{"line":98,"column":27}},"22":{"start":{"line":100,"column":8},"end":{"line":100,"column":68}},"23":{"start":{"line":103,"column":2},"end":{"line":109,"column":6}},"24":{"start":{"line":104,"column":4},"end":{"line":109,"column":6}},"25":{"start":{"line":110,"column":2},"end":{"line":115,"column":4}},"26":{"start":{"line":117,"column":0},"end":{"line":117,"column":54}},"27":{"start":{"line":118,"column":0},"end":{"line":118,"column":51}},"28":{"start":{"line":120,"column":22},"end":{"line":126,"column":1}},"29":{"start":{"line":121,"column":2},"end":{"line":125,"column":5}},"30":{"start":{"line":127,"column":0},"end":{"line":130,"column":2}},"31":{"start":{"line":131,"column":0},"end":{"line":133,"column":2}}},"fnMap":{"0":{"name":"(anonymous_0)","decl":{"start":{"line":16,"column":22},"end":{"line":16,"column":23}},"loc":{"start":{"line":16,"column":37},"end":{"line":40,"column":1}},"line":16},"1":{"name":"(anonymous_1)","decl":{"start":{"line":31,"column":23},"end":{"line":31,"column":24}},"loc":{"start":{"line":31,"column":29},"end":{"line":31,"column":47}},"line":31},"2":{"name":"(anonymous_2)","decl":{"start":{"line":35,"column":18},"end":{"line":35,"column":19}},"loc":{"start":{"line":35,"column":24},"end":{"line":35,"column":48}},"line":35},"3":{"name":"(anonymous_3)","decl":{"start":{"line":48,"column":23},"end":{"line":48,"column":24}},"loc":{"start":{"line":49,"column":2},"end":{"line":80,"column":8}},"line":49},"4":{"name":"(anonymous_4)","decl":{"start":{"line":83,"column":23},"end":{"line":83,"column":24}},"loc":{"start":{"line":84,"column":2},"end":{"line":86,"column":8}},"line":84},"5":{"name":"(anonymous_5)","decl":{"start":{"line":88,"column":23},"end":{"line":88,"column":24}},"loc":{"start":{"line":88,"column":29},"end":{"line":88,"column":49}},"line":88},"6":{"name":"(anonymous_6)","decl":{"start":{"line":90,"column":30},"end":{"line":90,"column":31}},"loc":{"start":{"line":90,"column":44},"end":{"line":116,"column":1}},"line":90},"7":{"name":"(anonymous_7)","decl":{"start":{"line":91,"column":30},"end":{"line":91,"column":31}},"loc":{"start":{"line":91,"column":39},"end":{"line":91,"column":52}},"line":91},"8":{"name":"(anonymous_8)","decl":{"start":{"line":92,"column":34},"end":{"line":92,"column":35}},"loc":{"start":{"line":92,"column":43},"end":{"line":92,"column":60}},"line":92},"9":{"name":"(anonymous_9)","decl":{"start":{"line":93,"column":20},"end":{"line":93,"column":21}},"loc":{"start":{"line":93,"column":25},"end":{"line":102,"column":3}},"line":93},"10":{"name":"(anonymous_10)","decl":{"start":{"line":120,"column":22},"end":{"line":120,"column":23}},"loc":{"start":{"line":121,"column":2},"end":{"line":125,"column":5}},"line":121}},"branchMap":{"0":{"loc":{"start":{"line":22,"column":9},"end":{"line":29,"column":9}},"type":"cond-expr","locations":[{"start":{"line":23,"column":10},"end":{"line":26,"column":13}},{"start":{"line":28,"column":10},"end":{"line":28,"column":12}}],"line":22},"1":{"loc":{"start":{"line":32,"column":7},"end":{"line":37,"column":7}},"type":"binary-expr","locations":[{"start":{"line":32,"column":7},"end":{"line":32,"column":16}},{"start":{"line":33,"column":8},"end":{"line":36,"column":10}}],"line":32},"2":{"loc":{"start":{"line":94,"column":4},"end":{"line":101,"column":5}},"type":"switch","locations":[{"start":{"line":95,"column":6},"end":{"line":96,"column":64}},{"start":{"line":97,"column":6},"end":{"line":98,"column":27}},{"start":{"line":99,"column":6},"end":{"line":100,"column":68}}],"line":94},"3":{"loc":{"start":{"line":103,"column":2},"end":{"line":109,"column":6}},"type":"if","locations":[{"start":{"line":103,"column":2},"end":{"line":109,"column":6}},{"start":{"line":103,"column":2},"end":{"line":109,"column":6}}],"line":103}},"s":{"0":1,"1":0,"2":0,"3":0,"4":0,"5":1,"6":1,"7":1,"8":0,"9":1,"10":0,"11":1,"12":0,"13":1,"14":0,"15":0,"16":0,"17":0,"18":0,"19":0,"20":0,"21":0,"22":0,"23":0,"24":0,"25":0,"26":1,"27":1,"28":1,"29":0,"30":1,"31":1},"f":{"0":0,"1":0,"2":0,"3":0,"4":0,"5":0,"6":0,"7":0,"8":0,"9":0,"10":0},"b":{"0":[0,0],"1":[0,0],"2":[0,0,0],"3":[0,0]},"_coverageSchema":"43e27e138ebf9cfc5966b082cf9a028302ed4184","hash":"ec6c3a7472bf39829b8961b95bd3c17206458677"}
,"/Users/rochaa/ws/cep2/frontera-portal/client/src/components/Allocations/AllocationsModals.js": {"path":"/Users/rochaa/ws/cep2/frontera-portal/client/src/components/Allocations/AllocationsModals.js","statementMap":{"0":{"start":{"line":11,"column":23},"end":{"line":14,"column":1}},"1":{"start":{"line":16,"column":27},"end":{"line":26,"column":1}},"2":{"start":{"line":17,"column":2},"end":{"line":25,"column":10}},"3":{"start":{"line":17,"column":39},"end":{"line":17,"column":47}},"4":{"start":{"line":27,"column":0},"end":{"line":27,"column":39}},"5":{"start":{"line":29,"column":24},"end":{"line":47,"column":1}},"6":{"start":{"line":30,"column":2},"end":{"line":46,"column":10}},"7":{"start":{"line":48,"column":0},"end":{"line":48,"column":36}}},"fnMap":{"0":{"name":"(anonymous_0)","decl":{"start":{"line":16,"column":27},"end":{"line":16,"column":28}},"loc":{"start":{"line":17,"column":2},"end":{"line":25,"column":10}},"line":17},"1":{"name":"(anonymous_1)","decl":{"start":{"line":17,"column":33},"end":{"line":17,"column":34}},"loc":{"start":{"line":17,"column":39},"end":{"line":17,"column":47}},"line":17},"2":{"name":"(anonymous_2)","decl":{"start":{"line":29,"column":24},"end":{"line":29,"column":25}},"loc":{"start":{"line":30,"column":2},"end":{"line":46,"column":10}},"line":30}},"branchMap":{},"s":{"0":2,"1":2,"2":2,"3":0,"4":2,"5":2,"6":0,"7":2},"f":{"0":2,"1":0,"2":0},"b":{},"_coverageSchema":"43e27e138ebf9cfc5966b082cf9a028302ed4184","hash":"4346226250f0ea1dc1b8e8ba8038415f4930b5c5"}
,"/Users/rochaa/ws/cep2/frontera-portal/client/src/components/Allocations/AllocationsRoutes.js": {"path":"/Users/rochaa/ws/cep2/frontera-portal/client/src/components/Allocations/AllocationsRoutes.js","statementMap":{"0":{"start":{"line":8,"column":26},"end":{"line":31,"column":1}},"1":{"start":{"line":9,"column":19},"end":{"line":9,"column":32}},"2":{"start":{"line":10,"column":2},"end":{"line":12,"column":17}},"3":{"start":{"line":11,"column":4},"end":{"line":11,"column":42}},"4":{"start":{"line":14,"column":2},"end":{"line":30,"column":4}},"5":{"start":{"line":19,"column":22},"end":{"line":19,"column":50}},"6":{"start":{"line":23,"column":22},"end":{"line":23,"column":49}},"7":{"start":{"line":27,"column":22},"end":{"line":27,"column":49}},"8":{"start":{"line":32,"column":0},"end":{"line":34,"column":2}},"9":{"start":{"line":35,"column":0},"end":{"line":39,"column":2}}},"fnMap":{"0":{"name":"(anonymous_0)","decl":{"start":{"line":8,"column":26},"end":{"line":8,"column":27}},"loc":{"start":{"line":8,"column":51},"end":{"line":31,"column":1}},"line":8},"1":{"name":"(anonymous_1)","decl":{"start":{"line":10,"column":12},"end":{"line":10,"column":13}},"loc":{"start":{"line":10,"column":18},"end":{"line":12,"column":3}},"line":10},"2":{"name":"(anonymous_2)","decl":{"start":{"line":19,"column":16},"end":{"line":19,"column":17}},"loc":{"start":{"line":19,"column":22},"end":{"line":19,"column":50}},"line":19},"3":{"name":"(anonymous_3)","decl":{"start":{"line":23,"column":16},"end":{"line":23,"column":17}},"loc":{"start":{"line":23,"column":22},"end":{"line":23,"column":49}},"line":23},"4":{"name":"(anonymous_4)","decl":{"start":{"line":27,"column":16},"end":{"line":27,"column":17}},"loc":{"start":{"line":27,"column":22},"end":{"line":27,"column":49}},"line":27}},"branchMap":{},"s":{"0":1,"1":0,"2":0,"3":0,"4":0,"5":0,"6":0,"7":0,"8":1,"9":1},"f":{"0":0,"1":0,"2":0,"3":0,"4":0},"b":{},"_coverageSchema":"43e27e138ebf9cfc5966b082cf9a028302ed4184","hash":"ffe043f422f067c06b5097fc5c67bea95344bb0b"}
,"/Users/rochaa/ws/cep2/frontera-portal/client/src/components/Allocations/AllocationsTables.js": {"path":"/Users/rochaa/ws/cep2/frontera-portal/client/src/components/Allocations/AllocationsTables.js","statementMap":{"0":{"start":{"line":6,"column":22},"end":{"line":44,"column":1}},"1":{"start":{"line":13,"column":6},"end":{"line":16,"column":4}},"2":{"start":{"line":17,"column":2},"end":{"line":43,"column":4}},"3":{"start":{"line":22,"column":12},"end":{"line":26,"column":17}},"4":{"start":{"line":24,"column":16},"end":{"line":24,"column":70}},"5":{"start":{"line":31,"column":12},"end":{"line":31,"column":28}},"6":{"start":{"line":32,"column":12},"end":{"line":38,"column":14}},"7":{"start":{"line":35,"column":18},"end":{"line":35,"column":73}},"8":{"start":{"line":45,"column":0},"end":{"line":48,"column":2}},"9":{"start":{"line":49,"column":0},"end":{"line":52,"column":2}},"10":{"start":{"line":54,"column":27},"end":{"line":123,"column":1}},"11":{"start":{"line":55,"column":18},"end":{"line":120,"column":3}},"12":{"start":{"line":56,"column":10},"end":{"line":118,"column":5}},"13":{"start":{"line":72,"column":10},"end":{"line":75,"column":13}},"14":{"start":{"line":72,"column":57},"end":{"line":75,"column":11}},"15":{"start":{"line":82,"column":10},"end":{"line":86,"column":13}},"16":{"start":{"line":82,"column":75},"end":{"line":86,"column":11}},"17":{"start":{"line":93,"column":10},"end":{"line":104,"column":11}},"18":{"start":{"line":95,"column":32},"end":{"line":95,"column":74}},"19":{"start":{"line":96,"column":28},"end":{"line":96,"column":61}},"20":{"start":{"line":97,"column":14},"end":{"line":102,"column":16}},"21":{"start":{"line":111,"column":10},"end":{"line":114,"column":13}},"22":{"start":{"line":111,"column":56},"end":{"line":114,"column":11}},"23":{"start":{"line":121,"column":15},"end":{"line":121,"column":45}},"24":{"start":{"line":121,"column":29},"end":{"line":121,"column":40}},"25":{"start":{"line":122,"column":2},"end":{"line":122,"column":57}},"26":{"start":{"line":124,"column":0},"end":{"line":124,"column":69}},"27":{"start":{"line":125,"column":0},"end":{"line":125,"column":47}},"28":{"start":{"line":128,"column":29},"end":{"line":156,"column":1}},"29":{"start":{"line":129,"column":18},"end":{"line":153,"column":4}},"30":{"start":{"line":129,"column":32},"end":{"line":153,"column":3}},"31":{"start":{"line":133,"column":8},"end":{"line":133,"column":57}},"32":{"start":{"line":133,"column":38},"end":{"line":133,"column":56}},"33":{"start":{"line":141,"column":28},"end":{"line":141,"column":61}},"34":{"start":{"line":146,"column":8},"end":{"line":146,"column":64}},"35":{"start":{"line":146,"column":38},"end":{"line":146,"column":63}},"36":{"start":{"line":151,"column":8},"end":{"line":151,"column":62}},"37":{"start":{"line":151,"column":38},"end":{"line":151,"column":61}},"38":{"start":{"line":154,"column":15},"end":{"line":154,"column":51}},"39":{"start":{"line":154,"column":35},"end":{"line":154,"column":46}},"40":{"start":{"line":155,"column":2},"end":{"line":155,"column":57}},"41":{"start":{"line":158,"column":0},"end":{"line":158,"column":71}},"42":{"start":{"line":159,"column":0},"end":{"line":159,"column":49}}},"fnMap":{"0":{"name":"(anonymous_0)","decl":{"start":{"line":6,"column":22},"end":{"line":6,"column":23}},"loc":{"start":{"line":6,"column":45},"end":{"line":44,"column":1}},"line":6},"1":{"name":"(anonymous_1)","decl":{"start":{"line":21,"column":28},"end":{"line":21,"column":29}},"loc":{"start":{"line":22,"column":12},"end":{"line":26,"column":17}},"line":22},"2":{"name":"(anonymous_2)","decl":{"start":{"line":23,"column":39},"end":{"line":23,"column":40}},"loc":{"start":{"line":24,"column":16},"end":{"line":24,"column":70}},"line":24},"3":{"name":"(anonymous_3)","decl":{"start":{"line":30,"column":20},"end":{"line":30,"column":21}},"loc":{"start":{"line":30,"column":27},"end":{"line":39,"column":11}},"line":30},"4":{"name":"(anonymous_4)","decl":{"start":{"line":34,"column":31},"end":{"line":34,"column":32}},"loc":{"start":{"line":35,"column":18},"end":{"line":35,"column":73}},"line":35},"5":{"name":"(anonymous_5)","decl":{"start":{"line":54,"column":27},"end":{"line":54,"column":28}},"loc":{"start":{"line":54,"column":48},"end":{"line":123,"column":1}},"line":54},"6":{"name":"(anonymous_6)","decl":{"start":{"line":56,"column":4},"end":{"line":56,"column":5}},"loc":{"start":{"line":56,"column":10},"end":{"line":118,"column":5}},"line":56},"7":{"name":"(anonymous_7)","decl":{"start":{"line":71,"column":18},"end":{"line":71,"column":19}},"loc":{"start":{"line":72,"column":10},"end":{"line":75,"column":13}},"line":72},"8":{"name":"(anonymous_8)","decl":{"start":{"line":72,"column":22},"end":{"line":72,"column":23}},"loc":{"start":{"line":72,"column":57},"end":{"line":75,"column":11}},"line":72},"9":{"name":"(anonymous_9)","decl":{"start":{"line":81,"column":18},"end":{"line":81,"column":19}},"loc":{"start":{"line":82,"column":10},"end":{"line":86,"column":13}},"line":82},"10":{"name":"(anonymous_10)","decl":{"start":{"line":82,"column":22},"end":{"line":82,"column":23}},"loc":{"start":{"line":82,"column":75},"end":{"line":86,"column":11}},"line":82},"11":{"name":"(anonymous_11)","decl":{"start":{"line":92,"column":18},"end":{"line":92,"column":19}},"loc":{"start":{"line":93,"column":10},"end":{"line":104,"column":11}},"line":93},"12":{"name":"(anonymous_12)","decl":{"start":{"line":94,"column":12},"end":{"line":94,"column":13}},"loc":{"start":{"line":94,"column":77},"end":{"line":103,"column":13}},"line":94},"13":{"name":"(anonymous_13)","decl":{"start":{"line":110,"column":18},"end":{"line":110,"column":19}},"loc":{"start":{"line":111,"column":10},"end":{"line":114,"column":13}},"line":111},"14":{"name":"(anonymous_14)","decl":{"start":{"line":111,"column":22},"end":{"line":111,"column":23}},"loc":{"start":{"line":111,"column":56},"end":{"line":114,"column":11}},"line":111},"15":{"name":"(anonymous_15)","decl":{"start":{"line":121,"column":23},"end":{"line":121,"column":24}},"loc":{"start":{"line":121,"column":29},"end":{"line":121,"column":40}},"line":121},"16":{"name":"(anonymous_16)","decl":{"start":{"line":128,"column":29},"end":{"line":128,"column":30}},"loc":{"start":{"line":128,"column":50},"end":{"line":156,"column":1}},"line":128},"17":{"name":"(anonymous_17)","decl":{"start":{"line":129,"column":26},"end":{"line":129,"column":27}},"loc":{"start":{"line":129,"column":32},"end":{"line":153,"column":3}},"line":129},"18":{"name":"(anonymous_18)","decl":{"start":{"line":132,"column":16},"end":{"line":132,"column":17}},"loc":{"start":{"line":133,"column":8},"end":{"line":133,"column":57}},"line":133},"19":{"name":"(anonymous_19)","decl":{"start":{"line":133,"column":24},"end":{"line":133,"column":25}},"loc":{"start":{"line":133,"column":38},"end":{"line":133,"column":56}},"line":133},"20":{"name":"(anonymous_20)","decl":{"start":{"line":141,"column":16},"end":{"line":141,"column":17}},"loc":{"start":{"line":141,"column":28},"end":{"line":141,"column":61}},"line":141},"21":{"name":"(anonymous_21)","decl":{"start":{"line":145,"column":16},"end":{"line":145,"column":17}},"loc":{"start":{"line":146,"column":8},"end":{"line":146,"column":64}},"line":146},"22":{"name":"(anonymous_22)","decl":{"start":{"line":146,"column":24},"end":{"line":146,"column":25}},"loc":{"start":{"line":146,"column":38},"end":{"line":146,"column":63}},"line":146},"23":{"name":"(anonymous_23)","decl":{"start":{"line":150,"column":16},"end":{"line":150,"column":17}},"loc":{"start":{"line":151,"column":8},"end":{"line":151,"column":62}},"line":151},"24":{"name":"(anonymous_24)","decl":{"start":{"line":151,"column":24},"end":{"line":151,"column":25}},"loc":{"start":{"line":151,"column":38},"end":{"line":151,"column":61}},"line":151},"25":{"name":"(anonymous_25)","decl":{"start":{"line":154,"column":29},"end":{"line":154,"column":30}},"loc":{"start":{"line":154,"column":35},"end":{"line":154,"column":46}},"line":154}},"branchMap":{"0":{"loc":{"start":{"line":96,"column":28},"end":{"line":96,"column":61}},"type":"binary-expr","locations":[{"start":{"line":96,"column":28},"end":{"line":96,"column":56}},{"start":{"line":96,"column":60},"end":{"line":96,"column":61}}],"line":96}},"s":{"0":1,"1":0,"2":0,"3":0,"4":0,"5":0,"6":0,"7":0,"8":1,"9":1,"10":1,"11":0,"12":0,"13":0,"14":0,"15":0,"16":0,"17":0,"18":0,"19":0,"20":0,"21":0,"22":0,"23":0,"24":0,"25":0,"26":1,"27":1,"28":1,"29":0,"30":0,"31":0,"32":0,"33":0,"34":0,"35":0,"36":0,"37":0,"38":0,"39":0,"40":0,"41":1,"42":1},"f":{"0":0,"1":0,"2":0,"3":0,"4":0,"5":0,"6":0,"7":0,"8":0,"9":0,"10":0,"11":0,"12":0,"13":0,"14":0,"15":0,"16":0,"17":0,"18":0,"19":0,"20":0,"21":0,"22":0,"23":0,"24":0,"25":0},"b":{"0":[0,0]},"_coverageSchema":"43e27e138ebf9cfc5966b082cf9a028302ed4184","hash":"0aae1c11d727238076980d28b44a050191fb9665"}
,"/Users/rochaa/ws/cep2/frontera-portal/client/src/components/Allocations/index.js": {"path":"/Users/rochaa/ws/cep2/frontera-portal/client/src/components/Allocations/index.js","statementMap":{},"fnMap":{},"branchMap":{},"s":{},"f":{},"b":{},"_coverageSchema":"43e27e138ebf9cfc5966b082cf9a028302ed4184","hash":"cd7181773c58fd6be123971992f2bd84ba83eca7"}
,"/Users/rochaa/ws/cep2/frontera-portal/client/src/components/Dashboard/Dashboard.js": {"path":"/Users/rochaa/ws/cep2/frontera-portal/client/src/components/Dashboard/Dashboard.js","statementMap":{"0":{"start":{"line":9,"column":2},"end":{"line":57,"column":4}}},"fnMap":{"0":{"name":"Dashboard","decl":{"start":{"line":8,"column":9},"end":{"line":8,"column":18}},"loc":{"start":{"line":8,"column":21},"end":{"line":58,"column":1}},"line":8}},"branchMap":{},"s":{"0":0},"f":{"0":0},"b":{},"_coverageSchema":"43e27e138ebf9cfc5966b082cf9a028302ed4184","hash":"fe4579dddc376708be2e5dc2cbf992c80ff8a3ae"}
,"/Users/rochaa/ws/cep2/frontera-portal/client/src/components/Dashboard/index.js": {"path":"/Users/rochaa/ws/cep2/frontera-portal/client/src/components/Dashboard/index.js","statementMap":{},"fnMap":{},"branchMap":{},"s":{},"f":{},"b":{},"_coverageSchema":"43e27e138ebf9cfc5966b082cf9a028302ed4184","hash":"9fb7a3f14876c3821cc12d17927f46142f17b58e"}
,"/Users/rochaa/ws/cep2/frontera-portal/client/src/components/Jobs/Jobs.js": {"path":"/Users/rochaa/ws/cep2/frontera-portal/client/src/components/Jobs/Jobs.js","statementMap":{"0":{"start":{"line":14,"column":19},"end":{"line":14,"column":32}},"1":{"start":{"line":15,"column":23},"end":{"line":15,"column":58}},"2":{"start":{"line":15,"column":44},"end":{"line":15,"column":57}},"3":{"start":{"line":16,"column":15},"end":{"line":16,"column":47}},"4":{"start":{"line":16,"column":36},"end":{"line":16,"column":46}},"5":{"start":{"line":18,"column":2},"end":{"line":20,"column":17}},"6":{"start":{"line":19,"column":4},"end":{"line":19,"column":59}},"7":{"start":{"line":22,"column":2},"end":{"line":28,"column":3}},"8":{"start":{"line":23,"column":4},"end":{"line":27,"column":6}},"9":{"start":{"line":30,"column":18},"end":{"line":78,"column":3}},"10":{"start":{"line":35,"column":8},"end":{"line":37,"column":15}},"11":{"start":{"line":45,"column":8},"end":{"line":53,"column":17}},"12":{"start":{"line":59,"column":21},"end":{"line":59,"column":40}},"13":{"start":{"line":61,"column":8},"end":{"line":65,"column":15}},"14":{"start":{"line":74,"column":8},"end":{"line":74,"column":78}},"15":{"start":{"line":80,"column":2},"end":{"line":99,"column":4}},"16":{"start":{"line":85,"column":27},"end":{"line":85,"column":47}},"17":{"start":{"line":85,"column":43},"end":{"line":85,"column":46}}},"fnMap":{"0":{"name":"JobsView","decl":{"start":{"line":11,"column":9},"end":{"line":11,"column":17}},"loc":{"start":{"line":11,"column":20},"end":{"line":100,"column":1}},"line":11},"1":{"name":"(anonymous_1)","decl":{"start":{"line":15,"column":35},"end":{"line":15,"column":36}},"loc":{"start":{"line":15,"column":44},"end":{"line":15,"column":57}},"line":15},"2":{"name":"(anonymous_2)","decl":{"start":{"line":16,"column":27},"end":{"line":16,"column":28}},"loc":{"start":{"line":16,"column":36},"end":{"line":16,"column":46}},"line":16},"3":{"name":"(anonymous_3)","decl":{"start":{"line":18,"column":12},"end":{"line":18,"column":13}},"loc":{"start":{"line":18,"column":18},"end":{"line":20,"column":3}},"line":18},"4":{"name":"(anonymous_4)","decl":{"start":{"line":34,"column":12},"end":{"line":34,"column":13}},"loc":{"start":{"line":35,"column":8},"end":{"line":37,"column":15}},"line":35},"5":{"name":"(anonymous_5)","decl":{"start":{"line":44,"column":12},"end":{"line":44,"column":13}},"loc":{"start":{"line":45,"column":8},"end":{"line":53,"column":17}},"line":45},"6":{"name":"(anonymous_6)","decl":{"start":{"line":59,"column":16},"end":{"line":59,"column":17}},"loc":{"start":{"line":59,"column":21},"end":{"line":59,"column":40}},"line":59},"7":{"name":"(anonymous_7)","decl":{"start":{"line":60,"column":12},"end":{"line":60,"column":13}},"loc":{"start":{"line":61,"column":8},"end":{"line":65,"column":15}},"line":61},"8":{"name":"(anonymous_8)","decl":{"start":{"line":73,"column":16},"end":{"line":73,"column":17}},"loc":{"start":{"line":74,"column":8},"end":{"line":74,"column":78}},"line":74},"9":{"name":"(anonymous_9)","decl":{"start":{"line":85,"column":19},"end":{"line":85,"column":20}},"loc":{"start":{"line":85,"column":27},"end":{"line":85,"column":47}},"line":85},"10":{"name":"(anonymous_10)","decl":{"start":{"line":85,"column":36},"end":{"line":85,"column":37}},"loc":{"start":{"line":85,"column":43},"end":{"line":85,"column":46}},"line":85}},"branchMap":{"0":{"loc":{"start":{"line":22,"column":2},"end":{"line":28,"column":3}},"type":"if","locations":[{"start":{"line":22,"column":2},"end":{"line":28,"column":3}},{"start":{"line":22,"column":2},"end":{"line":28,"column":3}}],"line":22}},"s":{"0":0,"1":0,"2":0,"3":0,"4":0,"5":0,"6":0,"7":0,"8":0,"9":0,"10":0,"11":0,"12":0,"13":0,"14":0,"15":0,"16":0,"17":0},"f":{"0":0,"1":0,"2":0,"3":0,"4":0,"5":0,"6":0,"7":0,"8":0,"9":0,"10":0},"b":{"0":[0,0]},"_coverageSchema":"43e27e138ebf9cfc5966b082cf9a028302ed4184","hash":"a169fee75c130e47cfb731015b61b126a6bd356e"}
,"/Users/rochaa/ws/cep2/frontera-portal/client/src/components/Jobs/index.js": {"path":"/Users/rochaa/ws/cep2/frontera-portal/client/src/components/Jobs/index.js","statementMap":{},"fnMap":{},"branchMap":{},"s":{},"f":{},"b":{},"_coverageSchema":"43e27e138ebf9cfc5966b082cf9a028302ed4184","hash":"85a5776d78225df1d607f4f89e4e183b3d14e229"}
,"/Users/rochaa/ws/cep2/frontera-portal/client/src/components/Sidebar/Sidebar.js": {"path":"/Users/rochaa/ws/cep2/frontera-portal/client/src/components/Sidebar/Sidebar.js","statementMap":{"0":{"start":{"line":11,"column":2},"end":{"line":108,"column":4}}},"fnMap":{"0":{"name":"Sidebar","decl":{"start":{"line":10,"column":24},"end":{"line":10,"column":31}},"loc":{"start":{"line":10,"column":34},"end":{"line":109,"column":1}},"line":10}},"branchMap":{},"s":{"0":0},"f":{"0":0},"b":{},"_coverageSchema":"43e27e138ebf9cfc5966b082cf9a028302ed4184","hash":"4f30840073751729a32c5cebaf750c17b51e4a7f"}
,"/Users/rochaa/ws/cep2/frontera-portal/client/src/components/Sidebar/index.js": {"path":"/Users/rochaa/ws/cep2/frontera-portal/client/src/components/Sidebar/index.js","statementMap":{},"fnMap":{},"branchMap":{},"s":{},"f":{},"b":{},"_coverageSchema":"43e27e138ebf9cfc5966b082cf9a028302ed4184","hash":"b55c50c9ba6b4f1995ff0c431cc39aada613a606"}
,"/Users/rochaa/ws/cep2/frontera-portal/client/src/components/SystemMonitor/SystemMonitor.js": {"path":"/Users/rochaa/ws/cep2/frontera-portal/client/src/components/SystemMonitor/SystemMonitor.js","statementMap":{"0":{"start":{"line":11,"column":14},"end":{"line":11,"column":50}},"1":{"start":{"line":13,"column":2},"end":{"line":19,"column":3}},"2":{"start":{"line":14,"column":4},"end":{"line":18,"column":6}},"3":{"start":{"line":21,"column":18},"end":{"line":47,"column":3}},"4":{"start":{"line":25,"column":8},"end":{"line":27,"column":15}},"5":{"start":{"line":33,"column":8},"end":{"line":43,"column":11}},"6":{"start":{"line":49,"column":2},"end":{"line":58,"column":4}},"7":{"start":{"line":54,"column":27},"end":{"line":54,"column":47}},"8":{"start":{"line":54,"column":43},"end":{"line":54,"column":46}},"9":{"start":{"line":62,"column":2},"end":{"line":62,"column":38}}},"fnMap":{"0":{"name":"SystemsList","decl":{"start":{"line":10,"column":9},"end":{"line":10,"column":20}},"loc":{"start":{"line":10,"column":23},"end":{"line":59,"column":1}},"line":10},"1":{"name":"(anonymous_1)","decl":{"start":{"line":24,"column":12},"end":{"line":24,"column":13}},"loc":{"start":{"line":25,"column":8},"end":{"line":27,"column":15}},"line":25},"2":{"name":"(anonymous_2)","decl":{"start":{"line":32,"column":12},"end":{"line":32,"column":13}},"loc":{"start":{"line":33,"column":8},"end":{"line":43,"column":11}},"line":33},"3":{"name":"(anonymous_3)","decl":{"start":{"line":54,"column":19},"end":{"line":54,"column":20}},"loc":{"start":{"line":54,"column":27},"end":{"line":54,"column":47}},"line":54},"4":{"name":"(anonymous_4)","decl":{"start":{"line":54,"column":36},"end":{"line":54,"column":37}},"loc":{"start":{"line":54,"column":43},"end":{"line":54,"column":46}},"line":54},"5":{"name":"SystemMonitorView","decl":{"start":{"line":61,"column":9},"end":{"line":61,"column":26}},"loc":{"start":{"line":61,"column":29},"end":{"line":63,"column":1}},"line":61}},"branchMap":{"0":{"loc":{"start":{"line":13,"column":2},"end":{"line":19,"column":3}},"type":"if","locations":[{"start":{"line":13,"column":2},"end":{"line":19,"column":3}},{"start":{"line":13,"column":2},"end":{"line":19,"column":3}}],"line":13},"1":{"loc":{"start":{"line":34,"column":11},"end":{"line":42,"column":11}},"type":"cond-expr","locations":[{"start":{"line":35,"column":12},"end":{"line":37,"column":20}},{"start":{"line":39,"column":12},"end":{"line":41,"column":20}}],"line":34}},"s":{"0":0,"1":0,"2":0,"3":0,"4":0,"5":0,"6":0,"7":0,"8":0,"9":0},"f":{"0":0,"1":0,"2":0,"3":0,"4":0,"5":0},"b":{"0":[0,0],"1":[0,0]},"_coverageSchema":"43e27e138ebf9cfc5966b082cf9a028302ed4184","hash":"5a4a4c6626197439fd71c997e72cb529c3e165ce"}
,"/Users/rochaa/ws/cep2/frontera-portal/client/src/components/SystemMonitor/index.js": {"path":"/Users/rochaa/ws/cep2/frontera-portal/client/src/components/SystemMonitor/index.js","statementMap":{},"fnMap":{},"branchMap":{},"s":{},"f":{},"b":{},"_coverageSchema":"43e27e138ebf9cfc5966b082cf9a028302ed4184","hash":"50d1e4c645fee33cb929a9c302b36a3f84fb2eee"}
,"/Users/rochaa/ws/cep2/frontera-portal/client/src/components/Tickets/Tickets.js": {"path":"/Users/rochaa/ws/cep2/frontera-portal/client/src/components/Tickets/Tickets.js","statementMap":{"0":{"start":{"line":11,"column":14},"end":{"line":11,"column":43}},"1":{"start":{"line":13,"column":2},"end":{"line":19,"column":3}},"2":{"start":{"line":14,"column":4},"end":{"line":18,"column":6}},"3":{"start":{"line":21,"column":18},"end":{"line":58,"column":3}},"4":{"start":{"line":25,"column":18},"end":{"line":25,"column":68}},"5":{"start":{"line":32,"column":8},"end":{"line":34,"column":17}},"6":{"start":{"line":40,"column":21},"end":{"line":40,"column":40}},"7":{"start":{"line":42,"column":8},"end":{"line":45,"column":15}},"8":{"start":{"line":54,"column":8},"end":{"line":54,"column":78}},"9":{"start":{"line":60,"column":2},"end":{"line":79,"column":4}},"10":{"start":{"line":65,"column":27},"end":{"line":65,"column":47}},"11":{"start":{"line":65,"column":43},"end":{"line":65,"column":46}}},"fnMap":{"0":{"name":"TicketsView","decl":{"start":{"line":10,"column":9},"end":{"line":10,"column":20}},"loc":{"start":{"line":10,"column":23},"end":{"line":80,"column":1}},"line":10},"1":{"name":"(anonymous_1)","decl":{"start":{"line":25,"column":12},"end":{"line":25,"column":13}},"loc":{"start":{"line":25,"column":18},"end":{"line":25,"column":68}},"line":25},"2":{"name":"(anonymous_2)","decl":{"start":{"line":31,"column":12},"end":{"line":31,"column":13}},"loc":{"start":{"line":32,"column":8},"end":{"line":34,"column":17}},"line":32},"3":{"name":"(anonymous_3)","decl":{"start":{"line":40,"column":16},"end":{"line":40,"column":17}},"loc":{"start":{"line":40,"column":21},"end":{"line":40,"column":40}},"line":40},"4":{"name":"(anonymous_4)","decl":{"start":{"line":41,"column":12},"end":{"line":41,"column":13}},"loc":{"start":{"line":42,"column":8},"end":{"line":45,"column":15}},"line":42},"5":{"name":"(anonymous_5)","decl":{"start":{"line":53,"column":16},"end":{"line":53,"column":17}},"loc":{"start":{"line":54,"column":8},"end":{"line":54,"column":78}},"line":54},"6":{"name":"(anonymous_6)","decl":{"start":{"line":65,"column":19},"end":{"line":65,"column":20}},"loc":{"start":{"line":65,"column":27},"end":{"line":65,"column":47}},"line":65},"7":{"name":"(anonymous_7)","decl":{"start":{"line":65,"column":36},"end":{"line":65,"column":37}},"loc":{"start":{"line":65,"column":43},"end":{"line":65,"column":46}},"line":65}},"branchMap":{"0":{"loc":{"start":{"line":13,"column":2},"end":{"line":19,"column":3}},"type":"if","locations":[{"start":{"line":13,"column":2},"end":{"line":19,"column":3}},{"start":{"line":13,"column":2},"end":{"line":19,"column":3}}],"line":13}},"s":{"0":0,"1":0,"2":0,"3":0,"4":0,"5":0,"6":0,"7":0,"8":0,"9":0,"10":0,"11":0},"f":{"0":0,"1":0,"2":0,"3":0,"4":0,"5":0,"6":0,"7":0},"b":{"0":[0,0]},"_coverageSchema":"43e27e138ebf9cfc5966b082cf9a028302ed4184","hash":"6d08b1183ccf8020c5037025b064255579e66f59"}
,"/Users/rochaa/ws/cep2/frontera-portal/client/src/components/Tickets/index.js": {"path":"/Users/rochaa/ws/cep2/frontera-portal/client/src/components/Tickets/index.js","statementMap":{},"fnMap":{},"branchMap":{},"s":{},"f":{},"b":{},"_coverageSchema":"43e27e138ebf9cfc5966b082cf9a028302ed4184","hash":"9ed92568a3a0542243a75873acd2e49f2019f7d0"}
,"/Users/rochaa/ws/cep2/frontera-portal/client/src/components/Workbench/Workbench.js": {"path":"/Users/rochaa/ws/cep2/frontera-portal/client/src/components/Workbench/Workbench.js","statementMap":{"0":{"start":{"line":10,"column":2},"end":{"line":10,"column":31}},"1":{"start":{"line":14,"column":2},"end":{"line":14,"column":29}},"2":{"start":{"line":18,"column":2},"end":{"line":18,"column":31}},"3":{"start":{"line":22,"column":2},"end":{"line":22,"column":26}},"4":{"start":{"line":26,"column":16},"end":{"line":26,"column":31}},"5":{"start":{"line":28,"column":2},"end":{"line":55,"column":4}}},"fnMap":{"0":{"name":"Applications","decl":{"start":{"line":9,"column":9},"end":{"line":9,"column":21}},"loc":{"start":{"line":9,"column":24},"end":{"line":11,"column":1}},"line":9},"1":{"name":"DataFiles","decl":{"start":{"line":13,"column":9},"end":{"line":13,"column":18}},"loc":{"start":{"line":13,"column":21},"end":{"line":15,"column":1}},"line":13},"2":{"name":"Publications","decl":{"start":{"line":17,"column":9},"end":{"line":17,"column":21}},"loc":{"start":{"line":17,"column":24},"end":{"line":19,"column":1}},"line":17},"3":{"name":"History","decl":{"start":{"line":21,"column":9},"end":{"line":21,"column":16}},"loc":{"start":{"line":21,"column":19},"end":{"line":23,"column":1}},"line":21},"4":{"name":"Workbench","decl":{"start":{"line":25,"column":9},"end":{"line":25,"column":18}},"loc":{"start":{"line":25,"column":21},"end":{"line":56,"column":1}},"line":25}},"branchMap":{},"s":{"0":0,"1":0,"2":0,"3":0,"4":0,"5":0},"f":{"0":0,"1":0,"2":0,"3":0,"4":0},"b":{},"_coverageSchema":"43e27e138ebf9cfc5966b082cf9a028302ed4184","hash":"4c8b1d2afd974e01f591217273e9425fae583947"}
,"/Users/rochaa/ws/cep2/frontera-portal/client/src/components/Workbench/index.js": {"path":"/Users/rochaa/ws/cep2/frontera-portal/client/src/components/Workbench/index.js","statementMap":{"0":{"start":{"line":7,"column":2},"end":{"line":11,"column":4}}},"fnMap":{"0":{"name":"AppRouter","decl":{"start":{"line":6,"column":9},"end":{"line":6,"column":18}},"loc":{"start":{"line":6,"column":21},"end":{"line":12,"column":1}},"line":6}},"branchMap":{},"s":{"0":1},"f":{"0":1},"b":{},"_coverageSchema":"43e27e138ebf9cfc5966b082cf9a028302ed4184","hash":"625042232233b377398136f68c9842bef87b9f81"}
,"/Users/rochaa/ws/cep2/frontera-portal/client/src/constants/routes.js": {"path":"/Users/rochaa/ws/cep2/frontera-portal/client/src/constants/routes.js","statementMap":{"0":{"start":{"line":1,"column":25},"end":{"line":1,"column":37}},"1":{"start":{"line":2,"column":20},"end":{"line":2,"column":27}},"2":{"start":{"line":3,"column":27},"end":{"line":3,"column":41}},"3":{"start":{"line":4,"column":28},"end":{"line":4,"column":43}},"4":{"start":{"line":5,"column":28},"end":{"line":5,"column":43}},"5":{"start":{"line":6,"column":23},"end":{"line":6,"column":33}}},"fnMap":{},"branchMap":{},"s":{"0":1,"1":1,"2":1,"3":1,"4":1,"5":1},"f":{},"b":{},"_coverageSchema":"43e27e138ebf9cfc5966b082cf9a028302ed4184","hash":"f9ec302aaea47a95655b747d97a28228eba5a969"}
,"/Users/rochaa/ws/cep2/frontera-portal/client/src/utils/useFetch.js": {"path":"/Users/rochaa/ws/cep2/frontera-portal/client/src/utils/useFetch.js","statementMap":{"0":{"start":{"line":4,"column":17},"end":{"line":24,"column":1}},"1":{"start":{"line":5,"column":34},"end":{"line":5,"column":48}},"2":{"start":{"line":6,"column":28},"end":{"line":6,"column":42}},"3":{"start":{"line":8,"column":2},"end":{"line":22,"column":9}},"4":{"start":{"line":9,"column":22},"end":{"line":20,"column":5}},"5":{"start":{"line":10,"column":6},"end":{"line":19,"column":7}},"6":{"start":{"line":11,"column":20},"end":{"line":14,"column":10}},"7":{"start":{"line":15,"column":21},"end":{"line":15,"column":37}},"8":{"start":{"line":16,"column":8},"end":{"line":16,"column":26}},"9":{"start":{"line":18,"column":8},"end":{"line":18,"column":22}},"10":{"start":{"line":21,"column":4},"end":{"line":21,"column":16}},"11":{"start":{"line":23,"column":2},"end":{"line":23,"column":29}}},"fnMap":{"0":{"name":"(anonymous_0)","decl":{"start":{"line":4,"column":17},"end":{"line":4,"column":18}},"loc":{"start":{"line":4,"column":35},"end":{"line":24,"column":1}},"line":4},"1":{"name":"(anonymous_1)","decl":{"start":{"line":8,"column":12},"end":{"line":8,"column":13}},"loc":{"start":{"line":8,"column":18},"end":{"line":22,"column":3}},"line":8},"2":{"name":"(anonymous_2)","decl":{"start":{"line":9,"column":22},"end":{"line":9,"column":23}},"loc":{"start":{"line":9,"column":34},"end":{"line":20,"column":5}},"line":9}},"branchMap":{},"s":{"0":1,"1":0,"2":0,"3":0,"4":0,"5":0,"6":0,"7":0,"8":0,"9":0,"10":0,"11":0},"f":{"0":0,"1":0,"2":0},"b":{},"_coverageSchema":"43e27e138ebf9cfc5966b082cf9a028302ed4184","hash":"c9583077153c05916f67b44ad486448a7b532645"}
}
