TN:
SF:/Users/rochaa/ws/cep2/frontera-portal/client/src/components/Allocations/AllocationsCells.js
FN:12,(anonymous_0)
FN:19,(anonymous_1)
FN:24,(anonymous_2)
FN:29,(anonymous_3)
FN:31,(anonymous_4)
FN:40,(anonymous_5)
FN:42,(anonymous_6)
FN:51,(anonymous_7)
FN:52,(anonymous_8)
FN:61,(anonymous_9)
FN:75,(anonymous_10)
FN:77,(anonymous_11)
FNF:12
FNH:0
FNDA:0,(anonymous_0)
FNDA:0,(anonymous_1)
FNDA:0,(anonymous_2)
FNDA:0,(anonymous_3)
FNDA:0,(anonymous_4)
FNDA:0,(anonymous_5)
FNDA:0,(anonymous_6)
FNDA:0,(anonymous_7)
FNDA:0,(anonymous_8)
FNDA:0,(anonymous_9)
FNDA:0,(anonymous_10)
FNDA:0,(anonymous_11)
DA:6,1
DA:12,1
DA:13,0
DA:14,0
DA:19,0
DA:24,0
DA:29,1
DA:30,0
DA:32,0
DA:38,1
DA:40,1
DA:41,0
DA:43,0
DA:49,1
DA:51,1
DA:52,0
DA:53,0
DA:54,0
DA:55,0
DA:57,0
DA:59,0
DA:62,0
DA:73,1
DA:75,1
DA:76,0
DA:78,0
DA:84,1
LF:27
LH:10
BRDA:44,0,0,0
BRDA:44,0,1,0
BRDA:53,1,0,0
BRDA:53,1,1,0
BRDA:54,2,0,0
BRDA:54,2,1,0
BRDA:65,3,0,0
BRDA:65,3,1,0
BRF:8
BRH:0
end_of_record
TN:
SF:/Users/rochaa/ws/cep2/frontera-portal/client/src/components/Allocations/AllocationsLayout.js
FN:16,(anonymous_0)
FN:31,(anonymous_1)
FN:35,(anonymous_2)
FN:48,(anonymous_3)
FN:83,(anonymous_4)
FN:88,(anonymous_5)
FN:90,(anonymous_6)
FN:91,(anonymous_7)
FN:92,(anonymous_8)
FN:93,(anonymous_9)
FN:120,(anonymous_10)
FNF:11
FNH:0
FNDA:0,(anonymous_0)
FNDA:0,(anonymous_1)
FNDA:0,(anonymous_2)
FNDA:0,(anonymous_3)
FNDA:0,(anonymous_4)
FNDA:0,(anonymous_5)
FNDA:0,(anonymous_6)
FNDA:0,(anonymous_7)
FNDA:0,(anonymous_8)
FNDA:0,(anonymous_9)
FNDA:0,(anonymous_10)
DA:16,1
DA:17,0
DA:18,0
DA:31,0
DA:35,0
DA:41,1
DA:44,1
DA:48,1
DA:49,0
DA:83,1
DA:84,0
DA:88,1
DA:90,1
DA:91,0
DA:92,0
DA:93,0
DA:94,0
DA:96,0
DA:98,0
DA:100,0
DA:103,0
DA:104,0
DA:110,0
DA:117,1
DA:118,1
DA:120,1
DA:121,0
DA:127,1
DA:131,1
LF:29
LH:12
BRDA:22,0,0,0
BRDA:22,0,1,0
BRDA:32,1,0,0
BRDA:32,1,1,0
BRDA:94,2,0,0
BRDA:94,2,1,0
BRDA:94,2,2,0
BRDA:103,3,0,0
BRDA:103,3,1,0
BRF:9
BRH:0
end_of_record
TN:
SF:/Users/rochaa/ws/cep2/frontera-portal/client/src/components/Allocations/AllocationsModals.js
FN:16,(anonymous_0)
FN:17,(anonymous_1)
FN:29,(anonymous_2)
FNF:3
FNH:1
FNDA:2,(anonymous_0)
FNDA:0,(anonymous_1)
FNDA:0,(anonymous_2)
DA:11,2
DA:16,2
DA:17,2
DA:27,2
DA:29,2
DA:30,0
DA:48,2
LF:7
LH:6
BRF:0
BRH:0
end_of_record
TN:
SF:/Users/rochaa/ws/cep2/frontera-portal/client/src/components/Allocations/AllocationsRoutes.js
FN:8,(anonymous_0)
FN:10,(anonymous_1)
FN:19,(anonymous_2)
FN:23,(anonymous_3)
FN:27,(anonymous_4)
FNF:5
FNH:0
FNDA:0,(anonymous_0)
FNDA:0,(anonymous_1)
FNDA:0,(anonymous_2)
FNDA:0,(anonymous_3)
FNDA:0,(anonymous_4)
DA:8,1
DA:9,0
DA:10,0
DA:11,0
DA:14,0
DA:19,0
DA:23,0
DA:27,0
DA:32,1
DA:35,1
LF:10
LH:3
BRF:0
BRH:0
end_of_record
TN:
SF:/Users/rochaa/ws/cep2/frontera-portal/client/src/components/Allocations/AllocationsTables.js
FN:6,(anonymous_0)
FN:21,(anonymous_1)
FN:23,(anonymous_2)
FN:30,(anonymous_3)
FN:34,(anonymous_4)
FN:54,(anonymous_5)
FN:56,(anonymous_6)
FN:71,(anonymous_7)
FN:72,(anonymous_8)
FN:81,(anonymous_9)
FN:82,(anonymous_10)
FN:92,(anonymous_11)
FN:94,(anonymous_12)
FN:110,(anonymous_13)
FN:111,(anonymous_14)
FN:121,(anonymous_15)
FN:128,(anonymous_16)
FN:129,(anonymous_17)
FN:132,(anonymous_18)
FN:133,(anonymous_19)
FN:141,(anonymous_20)
FN:145,(anonymous_21)
FN:146,(anonymous_22)
FN:150,(anonymous_23)
FN:151,(anonymous_24)
FN:154,(anonymous_25)
FNF:26
FNH:0
FNDA:0,(anonymous_0)
FNDA:0,(anonymous_1)
FNDA:0,(anonymous_2)
FNDA:0,(anonymous_3)
FNDA:0,(anonymous_4)
FNDA:0,(anonymous_5)
FNDA:0,(anonymous_6)
FNDA:0,(anonymous_7)
FNDA:0,(anonymous_8)
FNDA:0,(anonymous_9)
FNDA:0,(anonymous_10)
FNDA:0,(anonymous_11)
FNDA:0,(anonymous_12)
FNDA:0,(anonymous_13)
FNDA:0,(anonymous_14)
FNDA:0,(anonymous_15)
FNDA:0,(anonymous_16)
FNDA:0,(anonymous_17)
FNDA:0,(anonymous_18)
FNDA:0,(anonymous_19)
FNDA:0,(anonymous_20)
FNDA:0,(anonymous_21)
FNDA:0,(anonymous_22)
FNDA:0,(anonymous_23)
FNDA:0,(anonymous_24)
FNDA:0,(anonymous_25)
DA:6,1
DA:13,0
DA:17,0
DA:22,0
DA:24,0
DA:31,0
DA:32,0
DA:35,0
DA:45,1
DA:49,1
DA:54,1
DA:55,0
DA:56,0
DA:72,0
DA:82,0
DA:93,0
DA:95,0
DA:96,0
DA:97,0
DA:111,0
DA:121,0
DA:122,0
DA:124,1
DA:125,1
DA:128,1
DA:129,0
DA:133,0
DA:141,0
DA:146,0
DA:151,0
DA:154,0
DA:155,0
DA:158,1
DA:159,1
LF:34
LH:9
BRDA:96,0,0,0
BRDA:96,0,1,0
BRF:2
BRH:0
end_of_record
TN:
SF:/Users/rochaa/ws/cep2/frontera-portal/client/src/components/Allocations/index.js
FNF:0
FNH:0
LF:0
LH:0
BRF:0
BRH:0
end_of_record
TN:
SF:/Users/rochaa/ws/cep2/frontera-portal/client/src/components/Dashboard/Dashboard.js
FN:8,Dashboard
FNF:1
FNH:0
FNDA:0,Dashboard
DA:9,0
LF:1
LH:0
BRF:0
BRH:0
end_of_record
TN:
SF:/Users/rochaa/ws/cep2/frontera-portal/client/src/components/Dashboard/index.js
FNF:0
FNH:0
LF:0
LH:0
BRF:0
BRH:0
end_of_record
TN:
SF:/Users/rochaa/ws/cep2/frontera-portal/client/src/components/Jobs/Jobs.js
FN:11,JobsView
FN:15,(anonymous_1)
FN:16,(anonymous_2)
FN:18,(anonymous_3)
FN:34,(anonymous_4)
FN:44,(anonymous_5)
FN:59,(anonymous_6)
FN:60,(anonymous_7)
FN:73,(anonymous_8)
FN:85,(anonymous_9)
FN:85,(anonymous_10)
FNF:11
FNH:0
FNDA:0,JobsView
FNDA:0,(anonymous_1)
FNDA:0,(anonymous_2)
FNDA:0,(anonymous_3)
FNDA:0,(anonymous_4)
FNDA:0,(anonymous_5)
FNDA:0,(anonymous_6)
FNDA:0,(anonymous_7)
FNDA:0,(anonymous_8)
FNDA:0,(anonymous_9)
FNDA:0,(anonymous_10)
DA:14,0
DA:15,0
DA:16,0
DA:18,0
DA:19,0
DA:22,0
DA:23,0
DA:30,0
DA:35,0
DA:45,0
DA:59,0
DA:61,0
DA:74,0
DA:80,0
DA:85,0
LF:15
LH:0
BRDA:22,0,0,0
BRDA:22,0,1,0
BRF:2
BRH:0
end_of_record
TN:
SF:/Users/rochaa/ws/cep2/frontera-portal/client/src/components/Jobs/index.js
FNF:0
FNH:0
LF:0
LH:0
BRF:0
BRH:0
end_of_record
TN:
SF:/Users/rochaa/ws/cep2/frontera-portal/client/src/components/Sidebar/Sidebar.js
FN:10,Sidebar
FNF:1
FNH:0
FNDA:0,Sidebar
DA:11,0
LF:1
LH:0
BRF:0
BRH:0
end_of_record
TN:
SF:/Users/rochaa/ws/cep2/frontera-portal/client/src/components/Sidebar/index.js
FNF:0
FNH:0
LF:0
LH:0
BRF:0
BRH:0
end_of_record
TN:
SF:/Users/rochaa/ws/cep2/frontera-portal/client/src/components/SystemMonitor/SystemMonitor.js
FN:10,SystemsList
FN:24,(anonymous_1)
FN:32,(anonymous_2)
FN:54,(anonymous_3)
FN:54,(anonymous_4)
FN:61,SystemMonitorView
FNF:6
FNH:0
FNDA:0,SystemsList
FNDA:0,(anonymous_1)
FNDA:0,(anonymous_2)
FNDA:0,(anonymous_3)
FNDA:0,(anonymous_4)
FNDA:0,SystemMonitorView
DA:11,0
DA:13,0
DA:14,0
DA:21,0
DA:25,0
DA:33,0
DA:49,0
DA:54,0
DA:62,0
LF:9
LH:0
BRDA:13,0,0,0
BRDA:13,0,1,0
BRDA:34,1,0,0
BRDA:34,1,1,0
BRF:4
BRH:0
end_of_record
TN:
SF:/Users/rochaa/ws/cep2/frontera-portal/client/src/components/SystemMonitor/index.js
FNF:0
FNH:0
LF:0
LH:0
BRF:0
BRH:0
end_of_record
TN:
SF:/Users/rochaa/ws/cep2/frontera-portal/client/src/components/Tickets/Tickets.js
FN:10,TicketsView
FN:25,(anonymous_1)
FN:31,(anonymous_2)
FN:40,(anonymous_3)
FN:41,(anonymous_4)
FN:53,(anonymous_5)
FN:65,(anonymous_6)
FN:65,(anonymous_7)
FNF:8
FNH:0
FNDA:0,TicketsView
FNDA:0,(anonymous_1)
FNDA:0,(anonymous_2)
FNDA:0,(anonymous_3)
FNDA:0,(anonymous_4)
FNDA:0,(anonymous_5)
FNDA:0,(anonymous_6)
FNDA:0,(anonymous_7)
DA:11,0
DA:13,0
DA:14,0
DA:21,0
DA:25,0
DA:32,0
DA:40,0
DA:42,0
DA:54,0
DA:60,0
DA:65,0
LF:11
LH:0
BRDA:13,0,0,0
BRDA:13,0,1,0
BRF:2
BRH:0
end_of_record
TN:
SF:/Users/rochaa/ws/cep2/frontera-portal/client/src/components/Tickets/index.js
FNF:0
FNH:0
LF:0
LH:0
BRF:0
BRH:0
end_of_record
TN:
SF:/Users/rochaa/ws/cep2/frontera-portal/client/src/components/Workbench/Workbench.js
FN:9,Applications
FN:13,DataFiles
FN:17,Publications
FN:21,History
FN:25,Workbench
FNF:5
FNH:0
FNDA:0,Applications
FNDA:0,DataFiles
FNDA:0,Publications
FNDA:0,History
FNDA:0,Workbench
DA:10,0
DA:14,0
DA:18,0
DA:22,0
DA:26,0
DA:28,0
LF:6
LH:0
BRF:0
BRH:0
end_of_record
TN:
SF:/Users/rochaa/ws/cep2/frontera-portal/client/src/components/Workbench/index.js
FN:6,AppRouter
FNF:1
FNH:1
FNDA:1,AppRouter
DA:7,1
LF:1
LH:1
BRF:0
BRH:0
end_of_record
TN:
SF:/Users/rochaa/ws/cep2/frontera-portal/client/src/constants/routes.js
FNF:0
FNH:0
DA:1,1
DA:2,1
DA:3,1
DA:4,1
DA:5,1
DA:6,1
LF:6
LH:6
BRF:0
BRH:0
end_of_record
TN:
SF:/Users/rochaa/ws/cep2/frontera-portal/client/src/utils/useFetch.js
FN:4,(anonymous_0)
FN:8,(anonymous_1)
FN:9,(anonymous_2)
FNF:3
FNH:0
FNDA:0,(anonymous_0)
FNDA:0,(anonymous_1)
FNDA:0,(anonymous_2)
DA:4,1
DA:5,0
DA:6,0
DA:8,0
DA:9,0
DA:10,0
DA:11,0
DA:15,0
DA:16,0
DA:18,0
DA:21,0
DA:23,0
LF:12
LH:1
BRF:0
BRH:0
end_of_record
